0 info it worked if it ends with ok
1 verbose cli [ '/home/d/Downloads/iojs-v3.3.1-linux-x64/bin/iojs',
1 verbose cli   '/usr/local/bin/npm',
1 verbose cli   'run',
1 verbose cli   'watch' ]
2 info using npm@3.3.8
3 info using node@v3.3.1
4 verbose run-script [ 'prewatch', 'watch', 'postwatch' ]
5 info lifecycle snabbdom-starter@0.0.0~prewatch: snabbdom-starter@0.0.0
6 silly lifecycle snabbdom-starter@0.0.0~prewatch: no script for prewatch, continuing
7 info lifecycle snabbdom-starter@0.0.0~watch: snabbdom-starter@0.0.0
8 verbose lifecycle snabbdom-starter@0.0.0~watch: unsafe-perm in lifecycle true
9 verbose lifecycle snabbdom-starter@0.0.0~watch: PATH: /home/d/Downloads/iojs-v3.3.1-linux-x64/lib/node_modules/npm/bin/node-gyp-bin:/home/d/__acc_Zone_24/fun-with-monads/node_modules/.bin:/opt/ghc/7.8.4/bin:/home/d/node_modules/elm/binwrappers:/home/d/.cabal/bin:/home/d/.stack/programs/x86_64-linux/ghc-7.8.4/bin:/home/d/.cabal/bin:/home/d/.cabal/bin:/home/d/.nix-profile/bin:/home/d/.nix-profile/sbin:/home/d/bin:/opt/ghc/7.8.4/bin:/usr/local/bin:/home/d/.cabal/bin:/usr/sbin:/usr/bin:/sbin:/bin:/usr/games:/usr/local/games:/usr/lib/jvm/java-8-oracle/bin:/usr/lib/jvm/java-8-oracle/db/bin:/usr/lib/jvm/java-8-oracle/jre/bin
10 verbose lifecycle snabbdom-starter@0.0.0~watch: CWD: /home/d/__acc_Zone_24/fun-with-monads
11 silly lifecycle snabbdom-starter@0.0.0~watch: Args: [ '-c', 'watchify js/main.js -t babelify --outfile build.js' ]
12 info lifecycle snabbdom-starter@0.0.0~watch: Failed to exec watch script
13 verbose stack Error: snabbdom-starter@0.0.0 watch: `watchify js/main.js -t babelify --outfile build.js`
13 verbose stack spawn ENOENT
13 verbose stack     at ChildProcess.<anonymous> (/home/d/Downloads/iojs-v3.3.1-linux-x64/lib/node_modules/npm/lib/utils/spawn.js:17:16)
13 verbose stack     at emitTwo (events.js:87:13)
13 verbose stack     at ChildProcess.emit (events.js:172:7)
13 verbose stack     at maybeClose (internal/child_process.js:764:16)
13 verbose stack     at Process.ChildProcess._handle.onexit (internal/child_process.js:211:5)
14 verbose pkgid snabbdom-starter@0.0.0
15 verbose cwd /home/d/__acc_Zone_24/fun-with-monads
16 error Linux 3.16.0-37-generic
17 error argv "/home/d/Downloads/iojs-v3.3.1-linux-x64/bin/iojs" "/usr/local/bin/npm" "run" "watch"
18 error node v3.3.1
19 error npm  v3.3.8
20 error file sh
21 error code ELIFECYCLE
22 error errno ENOENT
23 error syscall spawn
24 error snabbdom-starter@0.0.0 watch: `watchify js/main.js -t babelify --outfile build.js`
24 error spawn ENOENT
25 error Failed at the snabbdom-starter@0.0.0 watch script 'watchify js/main.js -t babelify --outfile build.js'.
25 error This is most likely a problem with the snabbdom-starter package,
25 error not with npm itself.
25 error Tell the author that this fails on your system:
25 error     watchify js/main.js -t babelify --outfile build.js
25 error You can get their info via:
25 error     npm owner ls snabbdom-starter
25 error There is likely additional logging output above.
26 verbose exit [ 1, true ]
